<?xml version="1.0" encoding="UTF-8"?>
<!-- Generated by org.testng.reporters.JUnitXMLReporter -->
<testsuite hostname="Siva" ignored="0" name="Test" tests="5" failures="0" timestamp="12 Jul 2020 11:00:48 GMT" time="5.824" errors="0">
  <testcase name="@BeforeTest setupParameters" time="0.0" classname="com.newtours.tests.BookFlightTest">
    <failure type="org.testng.TestNGException" message="
Parameter &amp;apos;noOfPassengers&amp;apos; is required by BeforeTest on method setupParameters but has not been marked @Optional or defined
in D:\Siva\Automation\Selenium\New Selenium Projects\selenium-docker\testng.xml">
      <![CDATA[org.testng.TestNGException: 
Parameter 'noOfPassengers' is required by BeforeTest on method setupParameters but has not been marked @Optional or defined
in D:\Siva\Automation\Selenium\New Selenium Projects\selenium-docker\testng.xml
... Removed 21 stack frames]]>
    </failure>
  </testcase> <!-- @BeforeTest setupParameters -->
  <testcase name="@AfterTest quitDriver" time="0.0" classname="com.newtours.baseclass.BaseTest">
    <skipped/>
  </testcase> <!-- @AfterTest quitDriver -->
  <testcase name="registrationPage" time="0.0" classname="com.newtours.tests.BookFlightTest">
    <skipped/>
  </testcase> <!-- registrationPage -->
  <testcase name="registrationConfirmationPage" time="0.0" classname="com.newtours.tests.BookFlightTest">
    <skipped/>
  </testcase> <!-- registrationConfirmationPage -->
  <testcase name="flightDetailsPage" time="0.0" classname="com.newtours.tests.BookFlightTest">
    <skipped/>
  </testcase> <!-- flightDetailsPage -->
  <testcase name="findFlightPage" time="0.0" classname="com.newtours.tests.BookFlightTest">
    <skipped/>
  </testcase> <!-- findFlightPage -->
  <testcase name="flightConfirmationPage" time="0.0" classname="com.newtours.tests.BookFlightTest">
    <skipped/>
  </testcase> <!-- flightConfirmationPage -->
</testsuite> <!-- Test -->
